{"numFailedTestSuites":1,"numFailedTests":1,"numPassedTestSuites":0,"numPassedTests":0,"numPendingTestSuites":0,"numPendingTests":9,"numRuntimeErrorTestSuites":0,"numTodoTests":0,"numTotalTestSuites":1,"numTotalTests":10,"openHandles":[],"snapshot":{"added":0,"didUpdate":false,"failure":false,"filesAdded":0,"filesRemoved":0,"filesRemovedList":[],"filesUnmatched":0,"filesUpdated":0,"matched":0,"total":0,"unchecked":0,"uncheckedKeysByFile":[],"unmatched":0,"updated":0},"startTime":1768538588738,"success":false,"testResults":[{"assertionResults":[{"ancestorTitles":["Graduation Logic Comprehensive Test Suite","Case 01: 2020 CS Standard"],"failureMessages":["Error: \u001b[2mexpect(\u001b[22m\u001b[31mreceived\u001b[39m\u001b[2m).\u001b[22mtoBe\u001b[2m(\u001b[22m\u001b[32mexpected\u001b[39m\u001b[2m) // Object.is equality\u001b[22m\n\nExpected: \u001b[32mtrue\u001b[39m\nReceived: \u001b[31mfalse\u001b[39m\n    at Object.<anonymous> (C:\\Users\\d1o1n\\OneDrive\\바탕 화면\\projects\\gijol-v2\\tests\\graduation_cases.spec.ts:26:35)"],"fullName":"Graduation Logic Comprehensive Test Suite Case 01: 2020 CS Standard should satisfy all graduation requirements","location":null,"status":"failed","title":"should satisfy all graduation requirements"},{"ancestorTitles":["Graduation Logic Comprehensive Test Suite","Case 02: 2021 EE Major (Focus)"],"failureMessages":[],"fullName":"Graduation Logic Comprehensive Test Suite Case 02: 2021 EE Major (Focus) should fail CS major requirements but identify EE courses","location":null,"status":"pending","title":"should fail CS major requirements but identify EE courses"},{"ancestorTitles":["Graduation Logic Comprehensive Test Suite","Case 03: Bio/Med Focus"],"failureMessages":[],"fullName":"Graduation Logic Comprehensive Test Suite Case 03: Bio/Med Focus should fail major matching and treat as minor/other","location":null,"status":"pending","title":"should fail major matching and treat as minor/other"},{"ancestorTitles":["Graduation Logic Comprehensive Test Suite","Case 04: Humanities Focus"],"failureMessages":[],"fullName":"Graduation Logic Comprehensive Test Suite Case 04: Humanities Focus should warn about major deficit and acknowledge humanities excess","location":null,"status":"pending","title":"should warn about major deficit and acknowledge humanities excess"},{"ancestorTitles":["Graduation Logic Comprehensive Test Suite","Case 05: 2019 Early Grad"],"failureMessages":[],"fullName":"Graduation Logic Comprehensive Test Suite Case 05: 2019 Early Grad should apply 2019 specific rules","location":null,"status":"pending","title":"should apply 2019 specific rules"},{"ancestorTitles":["Graduation Logic Comprehensive Test Suite","Case 06: Exchange/Summer Semesters"],"failureMessages":[],"fullName":"Graduation Logic Comprehensive Test Suite Case 06: Exchange/Summer Semesters should handle exchange student credits correctly","location":null,"status":"pending","title":"should handle exchange student credits correctly"},{"ancestorTitles":["Graduation Logic Comprehensive Test Suite","Case 07: F Grades & Retakes"],"failureMessages":[],"fullName":"Graduation Logic Comprehensive Test Suite Case 07: F Grades & Retakes should exclude F grades and handle retakes (highest grade)","location":null,"status":"pending","title":"should exclude F grades and handle retakes (highest grade)"},{"ancestorTitles":["Graduation Logic Comprehensive Test Suite","Case 08: Dirty Data"],"failureMessages":[],"fullName":"Graduation Logic Comprehensive Test Suite Case 08: Dirty Data should handle invalid rows gracefully","location":null,"status":"pending","title":"should handle invalid rows gracefully"},{"ancestorTitles":["Graduation Logic Comprehensive Test Suite","Case 09: 2021 Transfer"],"failureMessages":[],"fullName":"Graduation Logic Comprehensive Test Suite Case 09: 2021 Transfer should bucket transfer credits correctly","location":null,"status":"pending","title":"should bucket transfer credits correctly"},{"ancestorTitles":["Graduation Logic Comprehensive Test Suite","Case 10: Double Major CS+Math"],"failureMessages":[],"fullName":"Graduation Logic Comprehensive Test Suite Case 10: Double Major CS+Math should handle double major requirements","location":null,"status":"pending","title":"should handle double major requirements"}],"endTime":1768538589544,"message":"\u001b[1m\u001b[31m  \u001b[1m● \u001b[22m\u001b[1mGraduation Logic Comprehensive Test Suite › Case 01: 2020 CS Standard › should satisfy all graduation requirements\u001b[39m\u001b[22m\n\n    \u001b[2mexpect(\u001b[22m\u001b[31mreceived\u001b[39m\u001b[2m).\u001b[22mtoBe\u001b[2m(\u001b[22m\u001b[32mexpected\u001b[39m\u001b[2m) // Object.is equality\u001b[22m\n\n    Expected: \u001b[32mtrue\u001b[39m\n    Received: \u001b[31mfalse\u001b[39m\n\u001b[2m\u001b[22m\n\u001b[2m    \u001b[0m \u001b[90m 24 |\u001b[39m         console\u001b[33m.\u001b[39mlog(\u001b[32m'Case 01 Failed. Categories:'\u001b[39m\u001b[33m,\u001b[39m \u001b[33mJSON\u001b[39m\u001b[33m.\u001b[39mstringify(data\u001b[33m.\u001b[39mgraduationCategory\u001b[33m,\u001b[39m \u001b[36mnull\u001b[39m\u001b[33m,\u001b[39m \u001b[35m2\u001b[39m))\u001b[33m;\u001b[39m\u001b[0m\u001b[22m\n\u001b[2m    \u001b[0m \u001b[90m 25 |\u001b[39m       }\u001b[0m\u001b[22m\n\u001b[2m    \u001b[0m\u001b[31m\u001b[1m>\u001b[22m\u001b[2m\u001b[39m\u001b[90m 26 |\u001b[39m       expect(data\u001b[33m.\u001b[39mtotalSatisfied)\u001b[33m.\u001b[39mtoBe(\u001b[36mtrue\u001b[39m)\u001b[33m;\u001b[39m\u001b[0m\u001b[22m\n\u001b[2m    \u001b[0m \u001b[90m    |\u001b[39m                                   \u001b[31m\u001b[1m^\u001b[22m\u001b[2m\u001b[39m\u001b[0m\u001b[22m\n\u001b[2m    \u001b[0m \u001b[90m 27 |\u001b[39m\u001b[0m\u001b[22m\n\u001b[2m    \u001b[0m \u001b[90m 28 |\u001b[39m       \u001b[90m// Check individual categories\u001b[39m\u001b[0m\u001b[22m\n\u001b[2m    \u001b[0m \u001b[90m 29 |\u001b[39m       \u001b[36mconst\u001b[39m cats \u001b[33m=\u001b[39m data\u001b[33m.\u001b[39mgraduationCategory\u001b[33m;\u001b[39m\u001b[0m\u001b[22m\n\u001b[2m\u001b[22m\n\u001b[2m      \u001b[2mat Object.<anonymous> (\u001b[22m\u001b[2m\u001b[0m\u001b[36mtests/graduation_cases.spec.ts\u001b[39m\u001b[0m\u001b[2m:26:35)\u001b[22m\u001b[2m\u001b[22m\n","name":"C:\\Users\\d1o1n\\OneDrive\\바탕 화면\\projects\\gijol-v2\\tests\\graduation_cases.spec.ts","startTime":1768538589197,"status":"failed","summary":""}],"wasInterrupted":false}